2018-04-25 12:47:39.7233 [DEBUG] Scene Fusion version 1.7.2-0
2018-04-25 12:48:23.6730 [DEBUG] Scene Fusion version 1.7.2-0
2018-04-25 12:48:23.7332 [DEBUG] Play mode: True, sync in play mode: False
2018-04-25 12:48:29.3989 [DEBUG] Play mode: False
2018-04-25 12:48:55.9031 [DEBUG] Scene Fusion version 1.7.2-0
2018-04-25 12:48:55.9558 [DEBUG] Play mode: True, sync in play mode: False
2018-04-25 12:48:57.6319 [DEBUG] Play mode: False
2018-04-25 12:49:02.0224 [DEBUG] Scene Fusion version 1.7.2-0
2018-04-25 12:49:02.0475 [DEBUG] Play mode: True, sync in play mode: False
2018-04-25 12:49:10.5853 [DEBUG] Play mode: False
2018-04-25 12:49:56.5415 [DEBUG] Scene Fusion version 1.7.2-0
2018-04-25 12:51:07.9124 [DEBUG] Scene Fusion version 1.7.2-0
2018-04-25 12:51:07.9373 [DEBUG] Play mode: True, sync in play mode: False
2018-04-25 12:51:21.0595 [DEBUG] Play mode: False
2018-04-25 12:51:52.8613 [DEBUG] Scene Fusion version 1.7.2-0
2018-04-25 12:51:52.8824 [DEBUG] Play mode: True, sync in play mode: False
2018-04-25 12:52:01.0195 [DEBUG] Play mode: False
<<<<<<< Updated upstream
2018-04-25 13:01:09.5403 [DEBUG] Scene Fusion version 1.7.2-0
2018-04-25 13:01:09.5624 [DEBUG] Play mode: True, sync in play mode: False
2018-04-25 13:01:16.0610 [DEBUG] Play mode: False
2018-04-25 13:16:55.1253 [DEBUG] Scene Fusion version 1.7.2-0
2018-04-25 13:16:55.1444 [DEBUG] Play mode: True, sync in play mode: False
2018-04-25 13:17:02.1724 [DEBUG] Play mode: False
2018-04-25 13:17:26.4074 [DEBUG] Scene Fusion version 1.7.2-0
2018-04-25 13:17:26.4289 [DEBUG] Play mode: True, sync in play mode: False
2018-04-25 13:17:31.5059 [DEBUG] Play mode: False
2018-04-25 13:20:33.4935 [DEBUG] Scene Fusion version 1.7.2-0
2018-04-25 13:20:33.5150 [DEBUG] Play mode: True, sync in play mode: False
2018-04-25 13:20:43.6775 [DEBUG] Play mode: False
2018-04-25 13:21:45.8418 [DEBUG] Scene Fusion version 1.7.2-0
2018-04-25 13:21:45.8654 [DEBUG] Play mode: True, sync in play mode: False
2018-04-25 13:21:54.3652 [DEBUG] Play mode: False
2018-04-25 13:25:57.3417 [DEBUG] Scene Fusion version 1.7.2-0
2018-04-25 13:25:57.3763 [DEBUG] Play mode: True, sync in play mode: False
2018-04-25 13:26:02.8670 [DEBUG] Play mode: False
2018-04-25 13:26:24.8734 [DEBUG] Scene Fusion version 1.7.2-0
2018-04-25 13:26:24.8935 [DEBUG] Play mode: True, sync in play mode: False
2018-04-25 13:26:32.5284 [DEBUG] Play mode: False
2018-04-25 13:26:36.5336 [DEBUG] Scene Fusion version 1.7.2-0
2018-04-25 13:26:36.5561 [DEBUG] Play mode: True, sync in play mode: False
2018-04-25 13:26:41.3859 [DEBUG] Play mode: False
2018-04-25 13:29:56.7351 [DEBUG] Scene Fusion version 1.7.2-0
2018-04-25 13:29:56.7592 [DEBUG] Play mode: True, sync in play mode: False
2018-04-25 13:30:07.7129 [DEBUG] Play mode: False
2018-04-25 13:30:10.0811 [DEBUG] Scene Fusion version 1.7.2-0
2018-04-25 13:30:10.1007 [DEBUG] Play mode: True, sync in play mode: False
2018-04-25 13:30:19.5387 [DEBUG] Play mode: False
2018-04-25 13:30:35.3222 [DEBUG] Scene Fusion version 1.7.2-0
2018-04-25 13:30:35.3422 [DEBUG] Play mode: True, sync in play mode: False
2018-04-25 13:30:40.0454 [DEBUG] Play mode: False
2018-04-25 13:31:42.4666 [DEBUG] Scene Fusion version 1.7.2-0
2018-04-25 13:31:42.4915 [DEBUG] Play mode: True, sync in play mode: False
2018-04-25 13:31:46.1659 [DEBUG] Play mode: False
2018-04-25 13:34:13.7219 [DEBUG] Scene Fusion version 1.7.2-0
2018-04-25 13:34:13.7450 [DEBUG] Play mode: True, sync in play mode: False
2018-04-25 13:34:23.1564 [DEBUG] Play mode: False
2018-04-25 13:34:31.4353 [DEBUG] Scene Fusion version 1.7.2-0
2018-04-25 13:34:31.4609 [DEBUG] Play mode: True, sync in play mode: False
2018-04-25 13:34:41.0866 [DEBUG] Play mode: False
2018-04-25 13:47:03.4869 [DEBUG] Scene Fusion version 1.7.2-0
2018-04-25 13:47:03.5139 [DEBUG] Play mode: True, sync in play mode: False
2018-04-25 13:47:16.1138 [DEBUG] Play mode: False
2018-04-25 13:47:29.9308 [DEBUG] Scene Fusion version 1.7.2-0
2018-04-25 13:47:29.9579 [DEBUG] Play mode: True, sync in play mode: False
2018-04-25 13:47:34.5771 [DEBUG] Play mode: False
2018-04-25 13:48:09.1982 [DEBUG] Scene Fusion version 1.7.2-0
2018-04-25 13:48:09.2228 [DEBUG] Play mode: True, sync in play mode: False
2018-04-25 13:48:20.5567 [DEBUG] Play mode: False
2018-04-25 13:48:53.1334 [DEBUG] Scene Fusion version 1.7.2-0
2018-04-25 13:48:53.1590 [DEBUG] Play mode: True, sync in play mode: False
2018-04-25 13:49:10.6630 [DEBUG] Play mode: False
2018-04-25 13:50:37.9080 [DEBUG] Scene Fusion version 1.7.2-0
2018-04-25 13:50:37.9366 [DEBUG] Play mode: True, sync in play mode: False
2018-04-25 13:50:45.9931 [DEBUG] Play mode: False
2018-04-25 13:52:00.0362 [DEBUG] Scene Fusion version 1.7.2-0
2018-04-25 13:52:00.0608 [DEBUG] Play mode: True, sync in play mode: False
2018-04-25 13:52:10.3210 [DEBUG] Play mode: False
2018-04-25 13:52:47.2330 [DEBUG] Scene Fusion version 1.7.2-0
2018-04-25 13:52:47.2566 [DEBUG] Play mode: True, sync in play mode: False
2018-04-25 13:52:52.6901 [DEBUG] Play mode: False
2018-04-25 13:59:33.3528 [DEBUG] Scene Fusion version 1.7.2-0
2018-04-25 13:59:33.3789 [DEBUG] Play mode: True, sync in play mode: False
2018-04-25 13:59:53.1120 [DEBUG] Play mode: False
2018-04-25 14:00:14.1043 [DEBUG] Scene Fusion version 1.7.2-0
2018-04-25 14:00:14.1298 [DEBUG] Play mode: True, sync in play mode: False
2018-04-25 14:00:53.2837 [DEBUG] Play mode: False
2018-04-25 14:01:11.0743 [DEBUG] Scene Fusion version 1.7.2-0
2018-04-25 14:01:11.0968 [DEBUG] Play mode: True, sync in play mode: False
2018-04-25 14:01:15.6811 [DEBUG] Play mode: False
2018-04-25 14:02:27.0148 [DEBUG] Scene Fusion version 1.7.2-0
2018-04-25 14:02:27.0394 [DEBUG] Play mode: True, sync in play mode: False
2018-04-25 14:02:52.4375 [DEBUG] Play mode: False
2018-04-25 14:03:52.1594 [DEBUG] Scene Fusion version 1.7.2-0
2018-04-25 14:03:52.1814 [DEBUG] Play mode: True, sync in play mode: False
2018-04-25 14:04:15.2212 [DEBUG] Play mode: False
2018-04-25 14:04:29.1175 [DEBUG] Scene Fusion version 1.7.2-0
2018-04-25 14:04:29.1436 [DEBUG] Play mode: True, sync in play mode: False
2018-04-25 14:04:31.1300 [DEBUG] Play mode: False
2018-04-25 14:04:39.3919 [DEBUG] Scene Fusion version 1.7.2-0
2018-04-25 14:04:39.4159 [DEBUG] Play mode: True, sync in play mode: False
2018-04-25 14:05:07.7518 [DEBUG] Play mode: False
2018-04-25 14:05:10.9947 [DEBUG] Scene Fusion version 1.7.2-0
2018-04-25 14:05:11.0213 [DEBUG] Play mode: True, sync in play mode: False
2018-04-25 14:05:12.2152 [DEBUG] Play mode: False
2018-04-25 14:06:07.4682 [DEBUG] Scene Fusion version 1.7.2-0
2018-04-25 14:06:07.4903 [DEBUG] Play mode: True, sync in play mode: False
2018-04-25 14:06:14.8958 [DEBUG] Play mode: False
2018-04-25 14:06:32.8062 [DEBUG] Scene Fusion version 1.7.2-0
2018-04-25 14:06:32.8297 [DEBUG] Play mode: True, sync in play mode: False
2018-04-25 14:06:41.8581 [DEBUG] Play mode: False
2018-04-25 14:09:05.6162 [DEBUG] Scene Fusion version 1.7.2-0
2018-04-25 14:09:05.6388 [DEBUG] Play mode: True, sync in play mode: False
2018-04-25 14:09:21.6091 [DEBUG] Play mode: False
2018-04-25 14:22:35.7136 [DEBUG] Scene Fusion version 1.7.2-0
2018-04-25 14:22:35.7356 [DEBUG] Play mode: True, sync in play mode: False
2018-04-25 14:22:40.8731 [DEBUG] Play mode: False
2018-04-25 14:23:49.7055 [DEBUG] Scene Fusion version 1.7.2-0
2018-04-25 14:23:49.7306 [DEBUG] Play mode: True, sync in play mode: False
2018-04-25 14:23:55.9316 [DEBUG] Play mode: False
2018-04-25 14:24:03.3672 [DEBUG] Scene Fusion version 1.7.2-0
2018-04-25 14:24:03.3892 [DEBUG] Play mode: True, sync in play mode: False
2018-04-25 14:24:07.6754 [DEBUG] Play mode: False
2018-04-25 14:24:13.2807 [DEBUG] Scene Fusion version 1.7.2-0
2018-04-25 14:24:13.3028 [DEBUG] Play mode: True, sync in play mode: False
2018-04-25 14:24:15.7283 [DEBUG] Play mode: False
2018-04-25 14:24:19.9568 [DEBUG] Scene Fusion version 1.7.2-0
2018-04-25 14:25:13.2645 [DEBUG] Scene Fusion version 1.7.2-0
2018-04-25 14:25:13.4234 [DEBUG] Play mode: True, sync in play mode: False
2018-04-25 14:25:15.5818 [DEBUG] Play mode: False
2018-04-25 14:30:42.4952 [DEBUG] Scene Fusion version 1.7.2-0
2018-04-25 14:30:42.5223 [DEBUG] Play mode: True, sync in play mode: False
2018-04-25 14:30:45.8626 [DEBUG] Play mode: False
2018-04-25 14:32:14.4628 [DEBUG] Scene Fusion version 1.7.2-0
2018-04-25 14:32:14.4858 [DEBUG] Play mode: True, sync in play mode: False
2018-04-25 14:32:26.0039 [DEBUG] Play mode: False
2018-04-25 14:33:43.6800 [DEBUG] Scene Fusion version 1.7.2-0
2018-04-25 14:33:43.7061 [DEBUG] Play mode: True, sync in play mode: False
2018-04-25 14:34:15.2719 [DEBUG] Play mode: False
2018-04-25 14:42:09.4458 [DEBUG] Scene Fusion version 1.7.2-0
2018-04-25 14:42:09.4723 [DEBUG] Play mode: True, sync in play mode: False
2018-04-25 14:42:24.2825 [DEBUG] Play mode: False
2018-04-25 14:44:20.2341 [DEBUG] Scene Fusion version 1.7.2-0
2018-04-25 14:44:20.2587 [DEBUG] Play mode: True, sync in play mode: False
2018-04-25 14:44:43.0453 [DEBUG] Play mode: False
=======
2018-04-25 13:10:18.6907 [DEBUG] Scene Fusion version 1.7.2-0
2018-04-25 13:10:22.6064 [DEBUG] Scene Fusion version 1.7.2-0
2018-04-25 13:27:27.4092 [DEBUG] Scene Fusion version 1.7.2-0
2018-04-25 13:31:23.2619 [DEBUG] Scene Fusion version 1.7.2-0
2018-04-25 14:17:22.3931 [DEBUG] Scene Fusion version 1.7.2-0
2018-04-25 14:29:02.2441 [DEBUG] Scene Fusion version 1.7.2-0
2018-04-25 14:29:11.0546 [DEBUG] Scene Fusion version 1.7.2-0
2018-04-25 14:29:11.1413 [DEBUG] Play mode: True, sync in play mode: False
2018-04-25 14:29:15.2084 [DEBUG] Play mode: False
2018-04-25 14:29:42.9815 [DEBUG] Scene Fusion version 1.7.2-0
2018-04-25 14:29:43.0241 [DEBUG] Play mode: True, sync in play mode: False
2018-04-25 14:30:37.1056 [DEBUG] Play mode: False
2018-04-25 14:30:43.6865 [DEBUG] Scene Fusion version 1.7.2-0
2018-04-25 14:30:43.7427 [DEBUG] Play mode: True, sync in play mode: False
2018-04-25 14:32:06.3487 [DEBUG] Scene Fusion version 1.7.2-0
2018-04-25 14:32:06.9330 [DEBUG] Play mode: False
2018-04-25 14:32:09.9562 [DEBUG] Scene Fusion version 1.7.2-0
2018-04-25 14:32:09.9968 [DEBUG] Play mode: True, sync in play mode: False
2018-04-25 14:32:48.0341 [DEBUG] Play mode: False
2018-04-25 14:32:51.7806 [DEBUG] Scene Fusion version 1.7.2-0
2018-04-25 14:32:51.8046 [DEBUG] Play mode: True, sync in play mode: False
2018-04-25 14:33:46.6731 [DEBUG] Play mode: False
2018-04-25 14:34:04.7549 [DEBUG] Scene Fusion version 1.7.2-0
2018-04-25 14:34:04.7805 [DEBUG] Play mode: True, sync in play mode: False
2018-04-25 14:34:21.7121 [ERROR] NullReferenceException: Object reference not set to an instance of an object
DoctrineManager.createDoctrine () (at Assets/Scripts/DoctrineManager.cs:49)
CultController.EnterDoctrine () (at Assets/Scripts/CultController.cs:109)
UnityEngine.Events.InvokableCall.Invoke () (at C:/buildslave/unity/build/Runtime/Export/UnityEvent.cs:165)
UnityEngine.Events.UnityEvent.Invoke () (at C:/buildslave/unity/build/Runtime/Export/UnityEvent_0.cs:58)
UnityEngine.UI.Button.Press () (at C:/buildslave/unity/build/Extensions/guisystem/UnityEngine.UI/UI/Core/Button.cs:36)
UnityEngine.UI.Button.OnPointerClick (UnityEngine.EventSystems.PointerEventData eventData) (at C:/buildslave/unity/build/Extensions/guisystem/UnityEngine.UI/UI/Core/Button.cs:45)
UnityEngine.EventSystems.ExecuteEvents.Execute (IPointerClickHandler handler, UnityEngine.EventSystems.BaseEventData eventData) (at C:/buildslave/unity/build/Extensions/guisystem/UnityEngine.UI/EventSystem/ExecuteEvents.cs:50)
UnityEngine.EventSystems.ExecuteEvents.Execute[IPointerClickHandler] (UnityEngine.GameObject target, UnityEngine.EventSystems.BaseEventData eventData, UnityEngine.EventSystems.EventFunction`1 functor) (at C:/buildslave/unity/build/Extensions/guisystem/UnityEngine.UI/EventSystem/ExecuteEvents.cs:261)
UnityEngine.EventSystems.EventSystem:Update()

2018-04-25 14:37:08.4145 [DEBUG] Play mode: False
2018-04-25 14:37:11.3528 [DEBUG] Scene Fusion version 1.7.2-0
2018-04-25 14:37:14.6075 [DEBUG] Scene Fusion version 1.7.2-0
2018-04-25 14:37:14.6396 [DEBUG] Play mode: True, sync in play mode: False
2018-04-25 14:37:19.8582 [ERROR] NullReferenceException: Object reference not set to an instance of an object
DoctrineManager.createDoctrine () (at Assets/Scripts/DoctrineManager.cs:46)
CultController.EnterDoctrine () (at Assets/Scripts/CultController.cs:109)
UnityEngine.Events.InvokableCall.Invoke () (at C:/buildslave/unity/build/Runtime/Export/UnityEvent.cs:165)
UnityEngine.Events.UnityEvent.Invoke () (at C:/buildslave/unity/build/Runtime/Export/UnityEvent_0.cs:58)
UnityEngine.UI.Button.Press () (at C:/buildslave/unity/build/Extensions/guisystem/UnityEngine.UI/UI/Core/Button.cs:36)
UnityEngine.UI.Button.OnPointerClick (UnityEngine.EventSystems.PointerEventData eventData) (at C:/buildslave/unity/build/Extensions/guisystem/UnityEngine.UI/UI/Core/Button.cs:45)
UnityEngine.EventSystems.ExecuteEvents.Execute (IPointerClickHandler handler, UnityEngine.EventSystems.BaseEventData eventData) (at C:/buildslave/unity/build/Extensions/guisystem/UnityEngine.UI/EventSystem/ExecuteEvents.cs:50)
UnityEngine.EventSystems.ExecuteEvents.Execute[IPointerClickHandler] (UnityEngine.GameObject target, UnityEngine.EventSystems.BaseEventData eventData, UnityEngine.EventSystems.EventFunction`1 functor) (at C:/buildslave/unity/build/Extensions/guisystem/UnityEngine.UI/EventSystem/ExecuteEvents.cs:261)
UnityEngine.EventSystems.EventSystem:Update()

2018-04-25 14:38:14.1669 [DEBUG] Scene Fusion version 1.7.2-0
2018-04-25 14:38:14.9271 [DEBUG] Play mode: False
2018-04-25 14:38:18.1926 [DEBUG] Scene Fusion version 1.7.2-0
2018-04-25 14:38:18.2207 [DEBUG] Play mode: True, sync in play mode: False
2018-04-25 14:38:28.8559 [DEBUG] Play mode: False
2018-04-25 14:38:54.2030 [DEBUG] Scene Fusion version 1.7.2-0
2018-04-25 14:38:54.2411 [DEBUG] Play mode: True, sync in play mode: False
2018-04-25 14:38:58.9072 [DEBUG] Play mode: False
2018-04-25 14:39:25.3732 [DEBUG] Scene Fusion version 1.7.2-0
2018-04-25 14:39:25.4068 [DEBUG] Play mode: True, sync in play mode: False
2018-04-25 14:39:32.8725 [DEBUG] Play mode: False
2018-04-25 14:39:46.2546 [DEBUG] Scene Fusion version 1.7.2-0
2018-04-25 14:39:46.2907 [DEBUG] Play mode: True, sync in play mode: False
2018-04-25 14:39:51.0844 [DEBUG] Play mode: False
2018-04-25 14:40:41.1249 [DEBUG] Scene Fusion version 1.7.2-0
2018-04-25 14:40:41.1660 [DEBUG] Play mode: True, sync in play mode: False
2018-04-25 14:41:43.2023 [DEBUG] Scene Fusion version 1.7.2-0
2018-04-25 14:41:43.7988 [DEBUG] Play mode: False
2018-04-25 14:41:46.5177 [DEBUG] Scene Fusion version 1.7.2-0
2018-04-25 14:42:17.5341 [DEBUG] Scene Fusion version 1.7.2-0
2018-04-25 14:42:17.5602 [DEBUG] Play mode: True, sync in play mode: False
2018-04-25 14:42:20.6029 [DEBUG] Play mode: False
2018-04-25 14:53:39.8405 [DEBUG] Scene Fusion version 1.7.2-0
2018-04-25 14:53:39.8651 [DEBUG] Play mode: True, sync in play mode: False
2018-04-25 14:53:53.1428 [DEBUG] Play mode: False
2018-04-25 14:54:07.5153 [DEBUG] Scene Fusion version 1.7.2-0
2018-04-25 14:54:07.5389 [DEBUG] Play mode: True, sync in play mode: False
2018-04-25 14:54:24.0030 [DEBUG] Play mode: False
2018-04-25 14:55:02.3426 [DEBUG] Scene Fusion version 1.7.2-0
2018-04-25 14:55:02.3657 [DEBUG] Play mode: True, sync in play mode: False
2018-04-25 14:55:17.0465 [DEBUG] Play mode: False
2018-04-25 14:56:32.1236 [DEBUG] Scene Fusion version 1.7.2-0
2018-04-25 14:56:32.1527 [DEBUG] Play mode: True, sync in play mode: False
2018-04-25 14:56:50.8694 [DEBUG] Play mode: False
2018-04-25 14:58:05.5068 [DEBUG] Scene Fusion version 1.7.2-0
2018-04-25 15:00:02.9867 [DEBUG] Scene Fusion version 1.7.2-0
2018-04-25 15:00:03.0173 [DEBUG] Play mode: True, sync in play mode: False
2018-04-25 15:00:17.8343 [DEBUG] Play mode: False
2018-04-25 15:01:28.3330 [DEBUG] Scene Fusion version 1.7.2-0
2018-04-25 15:01:28.3606 [DEBUG] Play mode: True, sync in play mode: False
2018-04-25 15:01:51.2499 [DEBUG] Play mode: False
2018-04-25 15:08:06.8950 [DEBUG] Scene Fusion version 1.7.2-0
2018-04-25 15:08:06.9281 [DEBUG] Play mode: True, sync in play mode: False
2018-04-25 15:08:51.8720 [DEBUG] Play mode: False
2018-04-25 15:09:50.4727 [DEBUG] Scene Fusion version 1.7.2-0
2018-04-25 15:09:50.4962 [DEBUG] Play mode: True, sync in play mode: False
2018-04-25 15:09:51.9496 [DEBUG] Play mode: False
2018-04-25 15:10:11.3060 [DEBUG] Scene Fusion version 1.7.2-0
2018-04-25 15:10:11.3396 [DEBUG] Play mode: True, sync in play mode: False
2018-04-25 15:10:31.6285 [DEBUG] Play mode: False
2018-04-25 15:11:32.7950 [DEBUG] Scene Fusion version 1.7.2-0
>>>>>>> Stashed changes
