2018-04-23 12:48:14.0763 [DEBUG] Scene Fusion version 1.7.2-0
2018-04-23 12:52:04.4180 [DEBUG] Scene Fusion version 1.7.2-0
2018-04-23 13:00:05.8184 [DEBUG] Refresh token (xsapqFCUdRSeid94mTMYpOkZiy4XnH2AOp0A8MNNaHnpPzruNDNmS0LXeahzgRueffds4XoExL9wCfNSbmhp12akjdaPO8dR2iEmuxgQxImUdWtUcIMx2KrJ3UQxbAOqEJFWxaebW2PsF6pstxmzlFJBJYHZ7bSTDNy6pJPsOepewiHIDjcPuB12GRhpmPiDHupuwoTZubUSsBIlbdc0AYeGO06dDDHzlfDB4qtj1Q2BT0B5zTNjFSbWdjExdik) error: {"err":"Error getting response stream (ReadDone2): ReceiveFailure"}
2018-04-23 13:18:00.6903 [DEBUG] Scene Fusion version 1.7.2-0
2018-04-23 13:18:00.7349 [DEBUG] Play mode: True, sync in play mode: False
2018-04-23 13:18:18.9244 [DEBUG] Play mode: False
2018-04-23 13:18:29.1246 [DEBUG] Scene Fusion version 1.7.2-0
2018-04-23 13:18:29.1708 [DEBUG] Play mode: True, sync in play mode: False
2018-04-23 13:18:46.0435 [DEBUG] Play mode: False
2018-04-23 13:26:29.7336 [DEBUG] Refresh token (xsapqFCUdRSeid94mTMYpOkZiy4XnH2AOp0A8MNNaHnpPzruNDNmS0LXeahzgRueffds4XoExL9wCfNSbmhp12akjdaPO8dR2iEmuxgQxImUdWtUcIMx2KrJ3UQxbAOqEJFWxaebW2PsF6pstxmzlFJBJYHZ7bSTDNy6pJPsOepewiHIDjcPuB12GRhpmPiDHupuwoTZubUSsBIlbdc0AYeGO06dDDHzlfDB4qtj1Q2BT0B5zTNjFSbWdjExdik) error: {"err":"Error getting response stream (ReadDone2): ReceiveFailure"}
2018-04-23 13:33:55.9607 [DEBUG] Scene Fusion version 1.7.2-0
2018-04-23 13:34:54.5207 [DEBUG] Scene Fusion version 1.7.2-0
2018-04-23 13:36:21.3617 [DEBUG] Scene Fusion version 1.7.2-0
2018-04-23 13:36:21.3882 [DEBUG] Play mode: True, sync in play mode: False
2018-04-23 13:36:47.7142 [DEBUG] Play mode: False
2018-04-23 13:42:00.7640 [DEBUG] Scene Fusion version 1.7.2-0
2018-04-23 13:42:00.8262 [DEBUG] Play mode: True, sync in play mode: False
2018-04-23 13:42:19.1867 [DEBUG] Play mode: False
2018-04-23 13:46:01.4122 [DEBUG] Refresh token (xsapqFCUdRSeid94mTMYpOkZiy4XnH2AOp0A8MNNaHnpPzruNDNmS0LXeahzgRueffds4XoExL9wCfNSbmhp12akjdaPO8dR2iEmuxgQxImUdWtUcIMx2KrJ3UQxbAOqEJFWxaebW2PsF6pstxmzlFJBJYHZ7bSTDNy6pJPsOepewiHIDjcPuB12GRhpmPiDHupuwoTZubUSsBIlbdc0AYeGO06dDDHzlfDB4qtj1Q2BT0B5zTNjFSbWdjExdik) error: {"err":"Error getting response stream (ReadDone2): ReceiveFailure"}
2018-04-23 13:47:08.2491 [DEBUG] Scene Fusion version 1.7.2-0
2018-04-23 13:49:13.3082 [DEBUG] Scene Fusion version 1.7.2-0
2018-04-23 13:49:13.3584 [DEBUG] Play mode: True, sync in play mode: False
2018-04-23 13:49:20.1213 [DEBUG] Play mode: False
2018-04-23 14:09:14.4952 [DEBUG] Scene Fusion version 1.7.2-0
2018-04-23 14:09:14.5419 [DEBUG] Play mode: True, sync in play mode: False
2018-04-23 14:09:26.5352 [DEBUG] Play mode: False
2018-04-23 14:09:32.7810 [DEBUG] Scene Fusion version 1.7.2-0
2018-04-23 14:09:33.0001 [DEBUG] Play mode: True, sync in play mode: False
2018-04-23 14:10:07.2711 [DEBUG] Play mode: False
2018-04-23 14:10:39.9362 [DEBUG] Scene Fusion version 1.7.2-0
2018-04-23 14:10:39.9978 [DEBUG] Play mode: True, sync in play mode: False
2018-04-23 14:10:44.8175 [DEBUG] Play mode: False
2018-04-23 14:19:25.9992 [DEBUG] Scene Fusion version 1.7.2-0
2018-04-23 14:19:26.0308 [DEBUG] Play mode: True, sync in play mode: False
2018-04-23 14:19:31.9080 [DEBUG] Play mode: False
2018-04-23 14:19:41.2676 [DEBUG] Scene Fusion version 1.7.2-0
2018-04-23 14:19:41.2988 [DEBUG] Play mode: True, sync in play mode: False
2018-04-23 14:19:48.2446 [DEBUG] Play mode: False
2018-04-23 14:22:36.6068 [DEBUG] Scene Fusion version 1.7.2-0
2018-04-23 14:22:36.6284 [DEBUG] Play mode: True, sync in play mode: False
2018-04-23 14:22:47.4299 [DEBUG] Play mode: False
2018-04-23 14:27:07.3119 [DEBUG] Scene Fusion version 1.7.2-0
2018-04-23 14:37:00.0790 [DEBUG] Scene Fusion version 1.7.2-0
2018-04-23 14:37:16.8960 [DEBUG] Scene Fusion version 1.7.2-0
2018-04-23 14:38:31.9138 [DEBUG] Scene Fusion version 1.7.2-0
2018-04-23 14:42:32.6959 [DEBUG] Refresh token (X4kD5moFL91mBjHwOOFHqNclwKGay4pkNb204sFd8AQxkboQ5jUPexnMkUnGaxOYjgPE3Q3mCdri9zzSFjnDTu3Mumb4B5BS0p2Q9D5H87IlgyPPP6KOYlM0MRFqyfr5gQL7heWE9dQGYWByeZGNiWceJ23tGXnQFCL7dCa5c6sGt77ZBp8hhrZjOdUrik8zetRgGdCjgN4nIZhfskponQ8NoW62lh2CLu5gzuuKhGErtX69AmZxwgK5mEGJo0G) error: {"err":"Error getting response stream (ReadDone2): ReceiveFailure"}
2018-04-23 14:47:50.9418 [DEBUG] Scene Fusion version 1.7.2-0
2018-04-23 14:48:24.5275 [DEBUG] Scene Fusion version 1.7.2-0
2018-04-23 14:54:25.6011 [DEBUG] Refresh token (X4kD5moFL91mBjHwOOFHqNclwKGay4pkNb204sFd8AQxkboQ5jUPexnMkUnGaxOYjgPE3Q3mCdri9zzSFjnDTu3Mumb4B5BS0p2Q9D5H87IlgyPPP6KOYlM0MRFqyfr5gQL7heWE9dQGYWByeZGNiWceJ23tGXnQFCL7dCa5c6sGt77ZBp8hhrZjOdUrik8zetRgGdCjgN4nIZhfskponQ8NoW62lh2CLu5gzuuKhGErtX69AmZxwgK5mEGJo0G) error: {"err":"Error getting response stream (ReadDone2): ReceiveFailure"}
