<<<<<<< Updated upstream
2018-04-30 12:44:25.7143 [DEBUG] Scene Fusion version 1.7.2-0
2018-04-30 12:45:11.9740 [DEBUG] Scene Fusion version 1.7.2-0
2018-04-30 12:45:11.9951 [DEBUG] Play mode: True, sync in play mode: False
2018-04-30 12:45:16.8177 [DEBUG] Play mode: False
2018-04-30 12:49:45.3981 [DEBUG] Scene Fusion version 1.7.2-0
2018-04-30 12:49:45.4203 [DEBUG] Play mode: True, sync in play mode: False
2018-04-30 12:49:52.7229 [DEBUG] Play mode: False
2018-04-30 12:50:17.9993 [DEBUG] Scene Fusion version 1.7.2-0
2018-04-30 12:50:18.0223 [DEBUG] Play mode: True, sync in play mode: False
2018-04-30 12:50:29.5461 [DEBUG] Play mode: False
2018-04-30 12:50:46.5411 [DEBUG] Scene Fusion version 1.7.2-0
2018-04-30 12:50:46.5611 [DEBUG] Play mode: True, sync in play mode: False
2018-04-30 12:51:00.8223 [DEBUG] Play mode: False
2018-04-30 12:51:20.1569 [DEBUG] Scene Fusion version 1.7.2-0
2018-04-30 12:51:20.1769 [DEBUG] Play mode: True, sync in play mode: False
2018-04-30 12:51:27.0901 [DEBUG] Play mode: False
2018-04-30 12:51:49.8210 [DEBUG] Scene Fusion version 1.7.2-0
2018-04-30 12:51:49.8410 [DEBUG] Play mode: True, sync in play mode: False
2018-04-30 12:51:54.7018 [DEBUG] Play mode: False
2018-04-30 12:53:11.5970 [DEBUG] Scene Fusion version 1.7.2-0
2018-04-30 12:53:11.6191 [DEBUG] Play mode: True, sync in play mode: False
2018-04-30 12:53:31.8943 [DEBUG] Play mode: False
2018-04-30 12:53:54.3333 [DEBUG] Scene Fusion version 1.7.2-0
2018-04-30 12:53:54.3554 [DEBUG] Play mode: True, sync in play mode: False
2018-04-30 12:54:06.3138 [DEBUG] Play mode: False
2018-04-30 12:54:14.1451 [DEBUG] Scene Fusion version 1.7.2-0
2018-04-30 12:54:14.1731 [DEBUG] Play mode: True, sync in play mode: False
2018-04-30 12:54:17.6088 [DEBUG] Play mode: False
2018-04-30 12:54:25.5737 [DEBUG] Scene Fusion version 1.7.2-0
2018-04-30 12:54:25.5948 [DEBUG] Play mode: True, sync in play mode: False
2018-04-30 12:54:30.2103 [DEBUG] Play mode: False
2018-04-30 12:54:36.0075 [DEBUG] Scene Fusion version 1.7.2-0
2018-04-30 12:54:36.0285 [DEBUG] Play mode: True, sync in play mode: False
2018-04-30 12:54:39.0094 [DEBUG] Play mode: False
2018-04-30 12:54:59.1535 [DEBUG] Scene Fusion version 1.7.2-0
2018-04-30 12:54:59.1765 [DEBUG] Play mode: True, sync in play mode: False
2018-04-30 12:55:07.5358 [DEBUG] Play mode: False
2018-04-30 12:55:28.9296 [DEBUG] Scene Fusion version 1.7.2-0
2018-04-30 12:55:28.9521 [DEBUG] Play mode: True, sync in play mode: False
2018-04-30 12:55:35.5298 [DEBUG] Play mode: False
2018-04-30 13:00:43.1965 [DEBUG] Scene Fusion version 1.7.2-0
2018-04-30 13:00:43.2186 [DEBUG] Play mode: True, sync in play mode: False
2018-04-30 13:00:46.9394 [DEBUG] Play mode: False
2018-04-30 13:02:13.8708 [DEBUG] Scene Fusion version 1.7.2-0
2018-04-30 13:02:13.8943 [DEBUG] Play mode: True, sync in play mode: False
2018-04-30 13:02:17.6331 [DEBUG] Play mode: False
2018-04-30 13:02:38.4887 [DEBUG] Scene Fusion version 1.7.2-0
2018-04-30 13:02:38.5118 [DEBUG] Play mode: True, sync in play mode: False
2018-04-30 13:02:45.8262 [DEBUG] Play mode: False
2018-04-30 13:03:05.0749 [DEBUG] Scene Fusion version 1.7.2-0
2018-04-30 13:03:05.0986 [DEBUG] Play mode: True, sync in play mode: False
2018-04-30 13:03:09.1525 [DEBUG] Play mode: False
2018-04-30 13:03:30.5069 [DEBUG] Scene Fusion version 1.7.2-0
2018-04-30 13:03:30.5299 [DEBUG] Play mode: True, sync in play mode: False
2018-04-30 13:03:40.3880 [DEBUG] Play mode: False
2018-04-30 13:07:39.4122 [DEBUG] Scene Fusion version 1.7.2-0
2018-04-30 13:07:39.4338 [DEBUG] Play mode: True, sync in play mode: False
2018-04-30 13:07:40.1262 [DEBUG] Play mode: False
2018-04-30 13:07:51.5689 [DEBUG] Scene Fusion version 1.7.2-0
2018-04-30 13:07:51.5925 [DEBUG] Play mode: True, sync in play mode: False
2018-04-30 13:08:00.5213 [DEBUG] Play mode: False
2018-04-30 13:18:23.0373 [DEBUG] Scene Fusion version 1.7.2-0
2018-04-30 13:18:23.0579 [DEBUG] Play mode: True, sync in play mode: False
2018-04-30 13:18:30.7307 [DEBUG] Play mode: False
2018-04-30 13:33:18.3744 [DEBUG] Scene Fusion version 1.7.2-0
2018-04-30 13:33:18.3939 [DEBUG] Play mode: True, sync in play mode: False
2018-04-30 13:33:20.5813 [DEBUG] Play mode: False
2018-04-30 13:33:27.1223 [DEBUG] Scene Fusion version 1.7.2-0
2018-04-30 13:33:27.1428 [DEBUG] Play mode: True, sync in play mode: False
2018-04-30 13:33:29.0462 [DEBUG] Play mode: False
2018-04-30 13:33:35.6795 [DEBUG] Scene Fusion version 1.7.2-0
2018-04-30 13:33:35.7010 [DEBUG] Play mode: True, sync in play mode: False
2018-04-30 13:33:40.1647 [DEBUG] Play mode: False
2018-04-30 13:35:25.5456 [DEBUG] Scene Fusion version 1.7.2-0
2018-04-30 13:35:25.5711 [DEBUG] Play mode: True, sync in play mode: False
2018-04-30 13:35:27.0068 [DEBUG] Play mode: False
2018-04-30 13:35:34.2507 [DEBUG] Scene Fusion version 1.7.2-0
2018-04-30 13:35:34.2717 [DEBUG] Play mode: True, sync in play mode: False
2018-04-30 13:35:36.1601 [DEBUG] Play mode: False
2018-04-30 13:37:58.6493 [DEBUG] Scene Fusion version 1.7.2-0
2018-04-30 13:37:58.6699 [DEBUG] Play mode: True, sync in play mode: False
2018-04-30 13:38:00.7754 [DEBUG] Play mode: False
2018-04-30 13:38:11.6828 [DEBUG] Scene Fusion version 1.7.2-0
2018-04-30 13:38:11.7029 [DEBUG] Play mode: True, sync in play mode: False
2018-04-30 13:38:14.7810 [DEBUG] Play mode: False
2018-04-30 13:38:52.6886 [DEBUG] Scene Fusion version 1.7.2-0
2018-04-30 13:38:52.7103 [DEBUG] Play mode: True, sync in play mode: False
2018-04-30 13:38:56.1045 [DEBUG] Play mode: False
2018-04-30 13:39:10.8139 [DEBUG] Scene Fusion version 1.7.2-0
2018-04-30 13:39:10.8365 [DEBUG] Play mode: True, sync in play mode: False
2018-04-30 13:39:16.2031 [DEBUG] Play mode: False
2018-04-30 13:40:21.3043 [DEBUG] Scene Fusion version 1.7.2-0
2018-04-30 13:40:21.3279 [DEBUG] Play mode: True, sync in play mode: False
2018-04-30 13:40:27.0452 [DEBUG] Play mode: False
2018-04-30 13:40:41.1743 [DEBUG] Scene Fusion version 1.7.2-0
2018-04-30 13:40:41.1984 [DEBUG] Play mode: True, sync in play mode: False
2018-04-30 13:40:43.2658 [DEBUG] Play mode: False
2018-04-30 13:41:04.5547 [DEBUG] Scene Fusion version 1.7.2-0
2018-04-30 13:41:04.5778 [DEBUG] Play mode: True, sync in play mode: False
2018-04-30 13:41:08.1386 [DEBUG] Play mode: False
2018-04-30 13:41:24.0368 [DEBUG] Scene Fusion version 1.7.2-0
2018-04-30 13:41:24.0599 [DEBUG] Play mode: True, sync in play mode: False
2018-04-30 13:41:27.9901 [DEBUG] Play mode: False
2018-04-30 13:41:38.9327 [DEBUG] Scene Fusion version 1.7.2-0
2018-04-30 13:41:38.9572 [DEBUG] Play mode: True, sync in play mode: False
2018-04-30 13:41:42.3733 [DEBUG] Play mode: False
2018-04-30 13:41:56.4155 [DEBUG] Scene Fusion version 1.7.2-0
2018-04-30 13:41:56.4395 [DEBUG] Play mode: True, sync in play mode: False
2018-04-30 13:42:03.3358 [DEBUG] Play mode: False
2018-04-30 13:42:19.1099 [DEBUG] Scene Fusion version 1.7.2-0
2018-04-30 13:42:19.1334 [DEBUG] Play mode: True, sync in play mode: False
2018-04-30 13:42:23.5263 [DEBUG] Play mode: False
2018-04-30 13:43:58.9141 [DEBUG] Scene Fusion version 1.7.2-0
2018-04-30 13:43:58.9341 [DEBUG] Play mode: True, sync in play mode: False
2018-04-30 13:44:03.5735 [DEBUG] Play mode: False
2018-04-30 13:51:45.1366 [DEBUG] Scene Fusion version 1.7.2-0
2018-04-30 13:51:45.1566 [DEBUG] Play mode: True, sync in play mode: False
2018-04-30 13:51:48.4689 [DEBUG] Play mode: False
2018-04-30 13:52:07.3199 [DEBUG] Scene Fusion version 1.7.2-0
2018-04-30 13:52:07.3395 [DEBUG] Play mode: True, sync in play mode: False
2018-04-30 13:52:11.6659 [DEBUG] Play mode: False
2018-04-30 13:52:27.6906 [DEBUG] Scene Fusion version 1.7.2-0
2018-04-30 13:52:27.7072 [DEBUG] Play mode: True, sync in play mode: False
2018-04-30 13:52:28.9908 [DEBUG] Play mode: False
2018-04-30 13:52:37.6343 [DEBUG] Scene Fusion version 1.7.2-0
2018-04-30 13:52:37.6549 [DEBUG] Play mode: True, sync in play mode: False
2018-04-30 13:52:39.5027 [DEBUG] Play mode: False
2018-04-30 13:52:54.6619 [DEBUG] Scene Fusion version 1.7.2-0
2018-04-30 13:52:54.6820 [DEBUG] Play mode: True, sync in play mode: False
2018-04-30 13:52:55.5803 [DEBUG] Play mode: False
2018-04-30 13:54:48.7080 [DEBUG] Scene Fusion version 1.7.2-0
2018-04-30 13:54:48.7326 [DEBUG] Play mode: True, sync in play mode: False
2018-04-30 13:54:51.4887 [DEBUG] Play mode: False
2018-04-30 13:56:16.0862 [DEBUG] Scene Fusion version 1.7.2-0
2018-04-30 13:56:16.1057 [DEBUG] Play mode: True, sync in play mode: False
2018-04-30 13:56:18.2706 [DEBUG] Play mode: False
2018-04-30 13:56:57.3250 [DEBUG] Scene Fusion version 1.7.2-0
2018-04-30 13:56:57.3470 [DEBUG] Play mode: True, sync in play mode: False
2018-04-30 13:57:14.5067 [DEBUG] Play mode: False
2018-04-30 14:01:17.5539 [DEBUG] Scene Fusion version 1.7.2-0
2018-04-30 14:01:17.5795 [DEBUG] Play mode: True, sync in play mode: False
2018-04-30 14:01:26.7815 [DEBUG] Play mode: False
2018-04-30 14:01:51.0860 [DEBUG] Scene Fusion version 1.7.2-0
2018-04-30 14:01:51.1106 [DEBUG] Play mode: True, sync in play mode: False
2018-04-30 14:02:05.0837 [DEBUG] Play mode: False
2018-04-30 14:02:39.8659 [DEBUG] Scene Fusion version 1.7.2-0
2018-04-30 14:02:39.8929 [DEBUG] Play mode: True, sync in play mode: False
2018-04-30 14:02:50.8815 [DEBUG] Play mode: False
2018-04-30 14:03:42.6636 [DEBUG] Scene Fusion version 1.7.2-0
2018-04-30 14:03:42.6917 [DEBUG] Play mode: True, sync in play mode: False
2018-04-30 14:03:47.6646 [DEBUG] Play mode: False
2018-04-30 14:04:02.5487 [DEBUG] Scene Fusion version 1.7.2-0
2018-04-30 14:04:02.5748 [DEBUG] Play mode: True, sync in play mode: False
2018-04-30 14:04:19.1565 [DEBUG] Play mode: False
2018-04-30 14:06:07.4227 [DEBUG] Scene Fusion version 1.7.2-0
2018-04-30 14:06:07.4468 [DEBUG] Play mode: True, sync in play mode: False
2018-04-30 14:06:09.8667 [DEBUG] Play mode: False
2018-04-30 14:06:19.5250 [DEBUG] Scene Fusion version 1.7.2-0
2018-04-30 14:06:19.5436 [DEBUG] Play mode: True, sync in play mode: False
2018-04-30 14:06:21.5578 [DEBUG] Play mode: False
2018-04-30 14:06:28.3871 [DEBUG] Scene Fusion version 1.7.2-0
2018-04-30 14:06:28.4107 [DEBUG] Play mode: True, sync in play mode: False
2018-04-30 14:06:30.1699 [DEBUG] Play mode: False
2018-04-30 14:06:50.4733 [DEBUG] Scene Fusion version 1.7.2-0
2018-04-30 14:06:50.4938 [DEBUG] Play mode: True, sync in play mode: False
2018-04-30 14:06:53.4180 [DEBUG] Play mode: False
2018-04-30 14:16:22.9274 [DEBUG] Scene Fusion version 1.7.2-0
2018-04-30 14:16:22.9475 [DEBUG] Play mode: True, sync in play mode: False
2018-04-30 14:16:24.5866 [DEBUG] Play mode: False
2018-04-30 14:23:00.2002 [DEBUG] Scene Fusion version 1.7.2-0
2018-04-30 14:23:00.2198 [DEBUG] Play mode: True, sync in play mode: False
2018-04-30 14:23:27.1420 [DEBUG] Play mode: False
2018-04-30 14:29:27.4796 [DEBUG] Scene Fusion version 1.7.2-0
2018-04-30 14:29:27.5006 [DEBUG] Play mode: True, sync in play mode: False
2018-04-30 14:29:29.4128 [DEBUG] Play mode: False
2018-04-30 14:29:47.4365 [DEBUG] Scene Fusion version 1.7.2-0
2018-04-30 14:29:47.4571 [DEBUG] Play mode: True, sync in play mode: False
2018-04-30 14:29:52.8888 [DEBUG] Play mode: False
2018-04-30 14:30:17.1114 [DEBUG] Scene Fusion version 1.7.2-0
2018-04-30 14:30:17.1327 [DEBUG] Play mode: True, sync in play mode: False
2018-04-30 14:30:22.1516 [DEBUG] Play mode: False
2018-04-30 14:38:26.5865 [DEBUG] Scene Fusion version 1.7.2-0
2018-04-30 14:38:26.6076 [DEBUG] Play mode: True, sync in play mode: False
2018-04-30 14:38:34.9923 [DEBUG] Play mode: False
2018-04-30 14:39:07.2728 [DEBUG] Scene Fusion version 1.7.2-0
2018-04-30 14:39:07.2963 [DEBUG] Play mode: True, sync in play mode: False
2018-04-30 14:39:11.5344 [DEBUG] Play mode: False
2018-04-30 14:40:33.9236 [DEBUG] Scene Fusion version 1.7.2-0
2018-04-30 14:40:33.9482 [DEBUG] Play mode: True, sync in play mode: False
2018-04-30 14:40:44.8128 [DEBUG] Play mode: False
2018-04-30 14:42:34.2953 [DEBUG] Scene Fusion version 1.7.2-0
2018-04-30 14:42:34.3184 [DEBUG] Play mode: True, sync in play mode: False
2018-04-30 14:42:38.3519 [DEBUG] Play mode: False
2018-04-30 14:42:48.0519 [DEBUG] Scene Fusion version 1.7.2-0
2018-04-30 14:42:48.0720 [DEBUG] Play mode: True, sync in play mode: False
2018-04-30 14:43:17.9259 [DEBUG] Play mode: False
2018-04-30 14:44:07.1253 [DEBUG] Scene Fusion version 1.7.2-0
2018-04-30 14:44:07.1454 [DEBUG] Play mode: True, sync in play mode: False
2018-04-30 14:44:09.2948 [DEBUG] Play mode: False
2018-04-30 14:45:11.0688 [DEBUG] Scene Fusion version 1.7.2-0
2018-04-30 14:45:11.0879 [DEBUG] Play mode: True, sync in play mode: False
2018-04-30 14:45:15.7435 [DEBUG] Play mode: False
=======
<<<<<<< Updated upstream
2018-04-30 12:35:41.1210 [DEBUG] Scene Fusion version 1.7.2-0
2018-04-30 12:35:45.4764 [DEBUG] Scene Fusion version 1.7.2-0
2018-04-30 12:35:55.3869 [DEBUG] Scene Fusion version 1.7.2-0
2018-04-30 12:35:55.4070 [DEBUG] Play mode: True, sync in play mode: False
2018-04-30 12:36:24.5379 [DEBUG] Play mode: False
2018-04-30 12:37:28.8685 [DEBUG] Scene Fusion version 1.7.2-0
2018-04-30 12:37:28.8976 [DEBUG] Play mode: True, sync in play mode: False
2018-04-30 12:37:42.1121 [DEBUG] Play mode: False
2018-04-30 12:44:36.2688 [DEBUG] Scene Fusion version 1.7.2-0
2018-04-30 12:44:36.2989 [DEBUG] Play mode: True, sync in play mode: False
2018-04-30 12:44:47.1170 [DEBUG] Play mode: False
2018-04-30 12:46:32.6910 [DEBUG] Scene Fusion version 1.7.2-0
2018-04-30 12:46:32.7121 [DEBUG] Play mode: True, sync in play mode: False
2018-04-30 12:46:36.4814 [ERROR] NullReferenceException: Object reference not set to an instance of an object
CultController.ResetSins () (at Assets/Scripts/CultController.cs:120)
CultController.SelectCommandment () (at Assets/Scripts/CultController.cs:107)
UnityEngine.Events.InvokableCall.Invoke () (at C:/buildslave/unity/build/Runtime/Export/UnityEvent.cs:165)
UnityEngine.Events.UnityEvent.Invoke () (at C:/buildslave/unity/build/Runtime/Export/UnityEvent_0.cs:58)
UnityEngine.UI.Button.Press () (at C:/buildslave/unity/build/Extensions/guisystem/UnityEngine.UI/UI/Core/Button.cs:36)
UnityEngine.UI.Button.OnPointerClick (UnityEngine.EventSystems.PointerEventData eventData) (at C:/buildslave/unity/build/Extensions/guisystem/UnityEngine.UI/UI/Core/Button.cs:45)
UnityEngine.EventSystems.ExecuteEvents.Execute (IPointerClickHandler handler, UnityEngine.EventSystems.BaseEventData eventData) (at C:/buildslave/unity/build/Extensions/guisystem/UnityEngine.UI/EventSystem/ExecuteEvents.cs:50)
UnityEngine.EventSystems.ExecuteEvents.Execute[IPointerClickHandler] (UnityEngine.GameObject target, UnityEngine.EventSystems.BaseEventData eventData, UnityEngine.EventSystems.EventFunction`1 functor) (at C:/buildslave/unity/build/Extensions/guisystem/UnityEngine.UI/EventSystem/ExecuteEvents.cs:261)
UnityEngine.EventSystems.EventSystem:Update()

2018-04-30 12:46:49.2528 [DEBUG] Play mode: False
2018-04-30 12:48:11.3297 [DEBUG] Scene Fusion version 1.7.2-0
2018-04-30 12:48:11.3569 [DEBUG] Play mode: True, sync in play mode: False
2018-04-30 12:48:22.9949 [DEBUG] Play mode: False
2018-04-30 12:48:26.7027 [DEBUG] Scene Fusion version 1.7.2-0
2018-04-30 12:48:26.7302 [DEBUG] Play mode: True, sync in play mode: False
2018-04-30 12:48:37.2799 [DEBUG] Play mode: False
2018-04-30 12:48:40.5059 [DEBUG] Scene Fusion version 1.7.2-0
2018-04-30 12:48:40.5335 [DEBUG] Play mode: True, sync in play mode: False
2018-04-30 12:48:44.9565 [DEBUG] Play mode: False
2018-04-30 12:49:45.3775 [DEBUG] Scene Fusion version 1.7.2-0
2018-04-30 12:49:45.3986 [DEBUG] Play mode: True, sync in play mode: False
2018-04-30 12:49:50.8693 [DEBUG] Play mode: False
2018-04-30 12:50:01.7325 [DEBUG] Scene Fusion version 1.7.2-0
2018-04-30 12:50:01.7520 [DEBUG] Play mode: True, sync in play mode: False
2018-04-30 12:50:23.5316 [DEBUG] Play mode: False
2018-04-30 12:51:33.2522 [DEBUG] Scene Fusion version 1.7.2-0
2018-04-30 12:51:33.2727 [DEBUG] Play mode: True, sync in play mode: False
2018-04-30 12:52:12.4300 [DEBUG] Play mode: False
2018-04-30 12:52:22.0109 [DEBUG] Scene Fusion version 1.7.2-0
2018-04-30 12:52:22.0470 [DEBUG] Play mode: True, sync in play mode: False
2018-04-30 12:52:30.7465 [DEBUG] Play mode: False
2018-04-30 12:52:46.5222 [DEBUG] Scene Fusion version 1.7.2-0
2018-04-30 12:52:46.5763 [DEBUG] Play mode: True, sync in play mode: False
2018-04-30 12:53:19.0699 [DEBUG] Play mode: False
2018-04-30 12:55:44.4535 [DEBUG] Scene Fusion version 1.7.2-0
2018-04-30 13:06:53.8082 [DEBUG] Scene Fusion version 1.7.2-0
2018-04-30 13:06:53.8333 [DEBUG] Play mode: True, sync in play mode: False
2018-04-30 13:08:58.4052 [DEBUG] Play mode: False
2018-04-30 13:10:54.1039 [DEBUG] Refresh token (n6fzeyQP0fyqjpUEIpf0XM7XPAeEDoeG3Aa8XLLr8dcmpswMELBdQX6yt3ABMjZeEFTo8JA7lzuMYzFPGQ11hdirxkU0TGdc2ZUGmuEA1NReDEjEDUUBOot5tCXWUZojP6kdLEaIZSiioUCQ5kO3J6H6kXCddzOg415beocIrm0Q5s7giY0rN6K3R6uPEzo7YzdkRmIozpyxKXzsgPNXRUhpZIoOke6xgbZWUthAsMGqLLucmaEZDppbHYjoNsu) error: {"err":"Error getting response stream (ReadDone2): ReceiveFailure"}
2018-04-30 13:56:07.7532 [DEBUG] Scene Fusion version 1.7.2-0
2018-04-30 13:56:09.0216 [DEBUG] Refresh token () error: {"err":"Invalid token"}
2018-04-30 13:56:41.7956 [DEBUG] Scene Fusion version 1.7.2-0
2018-04-30 13:56:50.2761 [DEBUG] Refresh token () error: {"err":"Invalid token"}
2018-04-30 14:00:55.8459 [DEBUG] Scene Fusion version 1.7.2-0
2018-04-30 14:00:57.1325 [DEBUG] Refresh token () error: {"err":"Invalid token"}
2018-04-30 14:02:40.4291 [DEBUG] Scene Fusion version 1.7.2-0
2018-04-30 14:02:41.7730 [DEBUG] Refresh token () error: {"err":"Invalid token"}
2018-04-30 14:04:26.0033 [DEBUG] Scene Fusion version 1.7.2-0
2018-04-30 14:04:26.0399 [DEBUG] Play mode: True, sync in play mode: False
2018-04-30 14:04:26.7377 [DEBUG] Refresh token () error: {"err":"Invalid token"}
2018-04-30 14:04:55.1176 [DEBUG] Play mode: False
2018-04-30 14:06:15.2924 [DEBUG] Scene Fusion version 1.7.2-0
2018-04-30 14:06:15.3390 [DEBUG] Play mode: True, sync in play mode: False
2018-04-30 14:06:16.0405 [DEBUG] Refresh token () error: {"err":"Invalid token"}
2018-04-30 14:10:07.4881 [DEBUG] Play mode: False
2018-04-30 14:10:15.0889 [DEBUG] Scene Fusion version 1.7.2-0
2018-04-30 14:10:15.1164 [DEBUG] Play mode: True, sync in play mode: False
2018-04-30 14:10:15.8208 [DEBUG] Refresh token () error: {"err":"Invalid token"}
2018-04-30 14:10:24.3198 [DEBUG] Play mode: False
2018-04-30 14:10:28.1474 [DEBUG] Scene Fusion version 1.7.2-0
2018-04-30 14:10:28.1829 [DEBUG] Play mode: True, sync in play mode: False
2018-04-30 14:10:29.1948 [DEBUG] Refresh token () error: {"err":"Invalid token"}
2018-04-30 14:11:18.5939 [DEBUG] Play mode: False
2018-04-30 14:11:52.8132 [DEBUG] Scene Fusion version 1.7.2-0
2018-04-30 14:11:52.8453 [DEBUG] Play mode: True, sync in play mode: False
2018-04-30 14:11:53.5874 [DEBUG] Refresh token () error: {"err":"Invalid token"}
2018-04-30 14:12:57.6879 [DEBUG] Play mode: False
2018-04-30 14:13:28.2048 [DEBUG] Scene Fusion version 1.7.2-0
2018-04-30 14:13:28.2304 [DEBUG] Play mode: True, sync in play mode: False
2018-04-30 14:13:28.9963 [DEBUG] Refresh token () error: {"err":"Invalid token"}
2018-04-30 14:16:01.4119 [DEBUG] Play mode: False
2018-04-30 14:17:17.9245 [DEBUG] Scene Fusion version 1.7.2-0
2018-04-30 14:17:17.9987 [DEBUG] Play mode: True, sync in play mode: False
2018-04-30 14:17:18.8069 [DEBUG] Refresh token () error: {"err":"Invalid token"}
2018-04-30 14:20:21.7630 [DEBUG] Scene Fusion version 1.7.2-0
2018-04-30 14:20:21.7870 [ERROR] NullReferenceException: Object reference not set to an instance of an object
InfluenceMeter.Update () (at Assets/Scripts/InfluenceMeter.cs:17)

2018-04-30 14:20:21.7880 [ERROR] NullReferenceException: Object reference not set to an instance of an object
InfluenceMeter.Update () (at Assets/Scripts/InfluenceMeter.cs:17)

2018-04-30 14:20:21.7880 [ERROR] NullReferenceException: Object reference not set to an instance of an object
InfluenceMeter.Update () (at Assets/Scripts/InfluenceMeter.cs:17)

2018-04-30 14:20:21.7885 [ERROR] NullReferenceException: Object reference not set to an instance of an object
InfluenceMeter.Update () (at Assets/Scripts/InfluenceMeter.cs:17)

2018-04-30 14:20:21.7895 [ERROR] NullReferenceException: Object reference not set to an instance of an object
InfluenceMeter.Update () (at Assets/Scripts/InfluenceMeter.cs:17)

2018-04-30 14:20:21.7900 [ERROR] NullReferenceException: Object reference not set to an instance of an object
InfluenceMeter.Update () (at Assets/Scripts/InfluenceMeter.cs:17)

2018-04-30 14:20:21.7900 [ERROR] NullReferenceException: Object reference not set to an instance of an object
InfluenceMeter.Update () (at Assets/Scripts/InfluenceMeter.cs:17)

2018-04-30 14:20:22.4583 [DEBUG] Play mode: False
2018-04-30 14:20:23.0040 [DEBUG] Refresh token () error: {"err":"Invalid token"}
2018-04-30 14:20:26.0664 [DEBUG] Scene Fusion version 1.7.2-0
2018-04-30 14:20:26.1055 [DEBUG] Play mode: True, sync in play mode: False
2018-04-30 14:20:26.9893 [DEBUG] Refresh token () error: {"err":"Invalid token"}
2018-04-30 14:23:16.0638 [DEBUG] Play mode: False
2018-04-30 14:23:21.1734 [DEBUG] Scene Fusion version 1.7.2-0
2018-04-30 14:23:21.2150 [DEBUG] Play mode: True, sync in play mode: False
2018-04-30 14:23:21.9974 [DEBUG] Refresh token () error: {"err":"Invalid token"}
2018-04-30 14:23:57.7303 [DEBUG] Play mode: False
2018-04-30 14:24:27.0571 [DEBUG] Scene Fusion version 1.7.2-0
2018-04-30 14:24:27.1118 [DEBUG] Play mode: True, sync in play mode: False
2018-04-30 14:24:27.8647 [DEBUG] Refresh token () error: {"err":"Invalid token"}
2018-04-30 14:25:46.7890 [DEBUG] Play mode: False
2018-04-30 14:27:11.4445 [DEBUG] Scene Fusion version 1.7.2-0
2018-04-30 14:27:11.4931 [DEBUG] Play mode: True, sync in play mode: False
2018-04-30 14:27:12.2059 [DEBUG] Refresh token () error: {"err":"Invalid token"}
2018-04-30 14:28:43.0190 [DEBUG] Play mode: False
2018-04-30 14:28:47.3533 [DEBUG] Scene Fusion version 1.7.2-0
2018-04-30 14:28:47.3954 [DEBUG] Play mode: True, sync in play mode: False
2018-04-30 14:28:48.2180 [DEBUG] Refresh token () error: {"err":"Invalid token"}
2018-04-30 14:29:43.5926 [DEBUG] Play mode: False
2018-04-30 14:30:59.9790 [DEBUG] Scene Fusion version 1.7.2-0
2018-04-30 14:31:01.3102 [DEBUG] Refresh token () error: {"err":"Invalid token"}
2018-04-30 14:31:13.8074 [DEBUG] Scene Fusion version 1.7.2-0
2018-04-30 14:31:13.8540 [DEBUG] Play mode: True, sync in play mode: False
2018-04-30 14:31:14.6151 [DEBUG] Refresh token () error: {"err":"Invalid token"}
2018-04-30 14:32:03.2305 [DEBUG] Play mode: False
2018-04-30 14:32:41.8788 [DEBUG] Scene Fusion version 1.7.2-0
2018-04-30 14:32:41.9325 [DEBUG] Play mode: True, sync in play mode: False
2018-04-30 14:32:42.7020 [DEBUG] Refresh token () error: {"err":"Invalid token"}
2018-04-30 14:33:42.7983 [DEBUG] Play mode: False
2018-04-30 14:33:48.0882 [DEBUG] Scene Fusion version 1.7.2-0
2018-04-30 14:33:48.1353 [DEBUG] Play mode: True, sync in play mode: False
2018-04-30 14:33:48.9125 [DEBUG] Refresh token () error: {"err":"Invalid token"}
2018-04-30 14:34:35.0608 [DEBUG] Play mode: False
2018-04-30 14:35:49.4801 [DEBUG] Scene Fusion version 1.7.2-0
2018-04-30 14:35:49.5633 [DEBUG] Play mode: True, sync in play mode: False
2018-04-30 14:35:50.2886 [DEBUG] Refresh token () error: {"err":"Invalid token"}
2018-04-30 14:35:59.1159 [DEBUG] Play mode: False
2018-04-30 14:36:17.8984 [DEBUG] Scene Fusion version 1.7.2-0
2018-04-30 14:36:17.9566 [DEBUG] Play mode: True, sync in play mode: False
2018-04-30 14:36:18.7006 [DEBUG] Refresh token () error: {"err":"Invalid token"}
2018-04-30 14:38:18.4971 [DEBUG] Play mode: False
2018-04-30 14:40:22.1811 [DEBUG] Scene Fusion version 1.7.2-0
2018-04-30 14:40:22.2303 [DEBUG] Play mode: True, sync in play mode: False
2018-04-30 14:40:22.9791 [DEBUG] Refresh token () error: {"err":"Invalid token"}
2018-04-30 14:41:25.5641 [DEBUG] Play mode: False
2018-04-30 14:41:28.4171 [DEBUG] Scene Fusion version 1.7.2-0
2018-04-30 14:41:29.3908 [DEBUG] Refresh token () error: {"err":"Invalid token"}
>>>>>>> Stashed changes
=======
2018-04-30 12:43:10.6044 [DEBUG] Scene Fusion version 1.7.2-0
2018-04-30 12:44:30.6706 [DEBUG] Scene Fusion version 1.7.2-0
2018-04-30 12:44:30.7026 [DEBUG] Play mode: True, sync in play mode: False
2018-04-30 12:45:03.6850 [DEBUG] Play mode: False
2018-04-30 12:46:38.0573 [DEBUG] Scene Fusion version 1.7.2-0
2018-04-30 12:46:38.0798 [DEBUG] Play mode: True, sync in play mode: False
2018-04-30 12:48:59.3322 [DEBUG] Play mode: False
2018-04-30 12:50:06.6953 [DEBUG] Scene Fusion version 1.7.2-0
2018-04-30 12:50:06.7440 [DEBUG] Play mode: True, sync in play mode: False
2018-04-30 12:50:10.7916 [DEBUG] Play mode: False
2018-04-30 12:51:34.5416 [DEBUG] Scene Fusion version 1.7.2-0
2018-04-30 12:51:34.5677 [DEBUG] Play mode: True, sync in play mode: False
2018-04-30 12:51:39.0425 [DEBUG] Play mode: False
2018-04-30 12:51:52.3885 [DEBUG] Scene Fusion version 1.7.2-0
2018-04-30 12:51:52.4246 [DEBUG] Play mode: True, sync in play mode: False
2018-04-30 12:51:57.2966 [DEBUG] Play mode: False
2018-04-30 12:55:50.5280 [DEBUG] Scene Fusion version 1.7.2-0
2018-04-30 12:58:38.7094 [DEBUG] Scene Fusion version 1.7.2-0
2018-04-30 12:58:38.7364 [DEBUG] Play mode: True, sync in play mode: False
2018-04-30 12:59:03.9997 [DEBUG] Play mode: False
2018-04-30 13:45:41.6576 [DEBUG] Scene Fusion version 1.7.2-0
2018-04-30 13:45:41.6961 [DEBUG] Play mode: True, sync in play mode: False
2018-04-30 13:45:44.5657 [DEBUG] Play mode: False
2018-04-30 13:46:08.6619 [DEBUG] Scene Fusion version 1.7.2-0
2018-04-30 13:46:08.6970 [DEBUG] Play mode: True, sync in play mode: False
2018-04-30 13:46:10.2448 [DEBUG] Play mode: False
2018-04-30 13:46:24.2034 [DEBUG] Scene Fusion version 1.7.2-0
2018-04-30 13:46:24.2318 [DEBUG] Play mode: True, sync in play mode: False
2018-04-30 13:46:26.3329 [DEBUG] Play mode: False
2018-04-30 13:47:34.0163 [DEBUG] Scene Fusion version 1.7.2-0
2018-04-30 13:49:17.9322 [DEBUG] Scene Fusion version 1.7.2-0
2018-04-30 13:50:16.0091 [DEBUG] Scene Fusion version 1.7.2-0
2018-04-30 13:50:16.0947 [DEBUG] Play mode: True, sync in play mode: False
2018-04-30 13:50:18.8288 [DEBUG] Play mode: False
2018-04-30 13:51:27.9627 [DEBUG] Scene Fusion version 1.7.2-0
2018-04-30 13:51:28.0153 [DEBUG] Play mode: True, sync in play mode: False
2018-04-30 13:51:30.3604 [DEBUG] Play mode: False
2018-04-30 13:53:02.1798 [DEBUG] Scene Fusion version 1.7.2-0
2018-04-30 13:53:02.2126 [DEBUG] Play mode: True, sync in play mode: False
2018-04-30 13:53:04.7785 [DEBUG] Play mode: False
2018-04-30 13:54:19.6492 [DEBUG] Scene Fusion version 1.7.2-0
2018-04-30 13:54:19.6864 [DEBUG] Play mode: True, sync in play mode: False
2018-04-30 13:54:21.6880 [DEBUG] Play mode: False
2018-04-30 14:00:04.2889 [DEBUG] Scene Fusion version 1.7.2-0
2018-04-30 14:00:04.3240 [DEBUG] Play mode: True, sync in play mode: False
2018-04-30 14:00:05.7056 [DEBUG] Play mode: False
2018-04-30 14:00:48.5858 [DEBUG] Scene Fusion version 1.7.2-0
2018-04-30 14:00:48.6144 [DEBUG] Play mode: True, sync in play mode: False
2018-04-30 14:00:49.8004 [DEBUG] Play mode: False
2018-04-30 14:01:06.1618 [DEBUG] Scene Fusion version 1.7.2-0
2018-04-30 14:01:06.1983 [DEBUG] Play mode: True, sync in play mode: False
2018-04-30 14:01:07.6828 [DEBUG] Play mode: False
2018-04-30 14:02:54.9411 [DEBUG] Scene Fusion version 1.7.2-0
2018-04-30 14:02:54.9750 [DEBUG] Play mode: True, sync in play mode: False
2018-04-30 14:02:57.7510 [DEBUG] Play mode: False
2018-04-30 14:04:40.8702 [DEBUG] Scene Fusion version 1.7.2-0
2018-04-30 14:04:59.7624 [DEBUG] Scene Fusion version 1.7.2-0
2018-04-30 14:04:59.7857 [DEBUG] Play mode: True, sync in play mode: False
2018-04-30 14:05:03.1239 [DEBUG] Play mode: False
2018-04-30 14:05:12.9946 [DEBUG] Scene Fusion version 1.7.2-0
2018-04-30 14:05:13.0407 [DEBUG] Play mode: True, sync in play mode: False
2018-04-30 14:05:33.1596 [DEBUG] Play mode: False
2018-04-30 14:10:01.6909 [DEBUG] Scene Fusion version 1.7.2-0
2018-04-30 14:14:54.7057 [DEBUG] Scene Fusion version 1.7.2-0
2018-04-30 14:15:24.3975 [DEBUG] Scene Fusion version 1.7.2-0
2018-04-30 14:15:24.4337 [DEBUG] Play mode: True, sync in play mode: False
2018-04-30 14:15:27.6303 [DEBUG] Play mode: False
2018-04-30 14:26:13.9729 [DEBUG] Scene Fusion version 1.7.2-0
2018-04-30 14:26:14.0323 [DEBUG] Play mode: True, sync in play mode: False
2018-04-30 14:26:15.6735 [DEBUG] Play mode: False
2018-04-30 14:26:33.7688 [DEBUG] Scene Fusion version 1.7.2-0
2018-04-30 14:26:33.8002 [DEBUG] Play mode: True, sync in play mode: False
2018-04-30 14:26:37.3058 [DEBUG] Play mode: False
2018-04-30 14:26:41.1592 [DEBUG] Scene Fusion version 1.7.2-0
2018-04-30 14:26:41.1837 [DEBUG] Play mode: True, sync in play mode: False
2018-04-30 14:26:49.1003 [DEBUG] Play mode: False
2018-04-30 14:27:56.2131 [DEBUG] Scene Fusion version 1.7.2-0
2018-04-30 14:27:56.2421 [DEBUG] Play mode: True, sync in play mode: False
2018-04-30 14:28:06.7740 [DEBUG] Play mode: False
2018-04-30 14:42:12.7952 [DEBUG] Scene Fusion version 1.7.2-0
>>>>>>> Stashed changes
2018-04-30 14:59:09.6241 [DEBUG] Scene Fusion version 1.7.2-0
>>>>>>> Stashed changes
2018-04-30 15:01:17.6823 [DEBUG] Scene Fusion version 1.7.2-0
2018-04-30 15:01:30.9563 [DEBUG] Scene Fusion version 1.7.2-0
2018-04-30 15:01:31.0034 [DEBUG] Play mode: True, sync in play mode: False
2018-04-30 15:01:54.9432 [DEBUG] Play mode: False
2018-04-30 15:02:03.6922 [DEBUG] Scene Fusion version 1.7.2-0
2018-04-30 15:02:03.7330 [DEBUG] Play mode: True, sync in play mode: False
2018-04-30 15:02:28.5254 [DEBUG] Play mode: False
2018-04-30 15:02:41.5887 [DEBUG] Scene Fusion version 1.7.2-0
2018-04-30 15:02:41.6217 [DEBUG] Play mode: True, sync in play mode: False
2018-04-30 15:02:52.8057 [DEBUG] Play mode: False
2018-04-30 15:08:10.9766 [DEBUG] Scene Fusion version 1.7.2-0
